#
# There is insufficient memory for the Java Runtime Environment to continue.
# Native memory allocation (malloc) failed to allocate 32744 bytes for ChunkPool::allocate
# Possible reasons:
#   The system is out of physical RAM or swap space
#   The process is running with CompressedOops enabled, and the Java Heap may be blocking the growth of the native heap
# Possible solutions:
#   Reduce memory load on the system
#   Increase physical memory or swap space
#   Check if swap backing store is full
#   Decrease Java heap size (-Xmx/-Xms)
#   Decrease number of Java threads
#   Decrease Java thread stack sizes (-Xss)
#   Set larger code cache with -XX:ReservedCodeCacheSize=
#   JVM is running with Unscaled Compressed Oops mode in which the Java heap is
#     placed in the first 4GB address space. The Java Heap base address is the
#     maximum limit for the native heap growth. Please use -XX:HeapBaseMinAddress
#     to set the Java Heap base and to place the Java Heap above 4GB virtual address.
# This output file may be truncated or incomplete.
#
#  Out of Memory Error (allocation.cpp:272), pid=21492, tid=0x00000000000056dc
#
# JRE version: OpenJDK Runtime Environment (8.0) (build 1.8.0-25-microsoft-b00)
# Java VM: OpenJDK 64-Bit Server VM (25.71-b00 mixed mode windows-amd64 compressed oops)
# Failed to write core dump. Minidumps are not enabled by default on client versions of Windows
#

---------------  T H R E A D  ---------------

Current thread (0x0000000015e66800):  JavaThread "C2 CompilerThread1" daemon [_thread_in_native, id=22236, stack(0x0000000017560000,0x0000000017660000)]

Stack: [0x0000000017560000,0x0000000017660000]
[error occurred during error reporting (printing stack bounds), id 0xc0000005]

Native frames: (J=compiled Java code, j=interpreted, Vv=VM code, C=native code)


Current CompileTask:
C2:1696911 14630   !   4       java.io.PrintStream::write (66 bytes)


---------------  P R O C E S S  ---------------

Java Threads: ( => current thread )
  0x000000001c239000 JavaThread "Exec process Thread 9" [_thread_in_native, id=26540, stack(0x0000000025db0000,0x0000000025eb0000)]
  0x000000001c23a000 JavaThread "Exec process Thread 8" [_thread_in_native, id=14220, stack(0x0000000025cb0000,0x0000000025db0000)]
  0x000000001c23f000 JavaThread "Exec process Thread 7" [_thread_in_native, id=28288, stack(0x0000000025bb0000,0x0000000025cb0000)]
  0x000000001c10f000 JavaThread "Cache worker for execution history cache (D:\AndroidStudioProjects\health_declaration_form\android\.gradle\5.6.2\executionHistory)" [_thread_blocked, id=20116, stack(0x0000000025ab0000,0x0000000025bb0000)]
  0x000000001c10e800 JavaThread "Execution worker for ':' Thread 3" [_thread_blocked, id=22920, stack(0x0000000024fb0000,0x00000000250b0000)]
  0x000000001c110000 JavaThread "Execution worker for ':' Thread 2" [_thread_blocked, id=20880, stack(0x00000000245b0000,0x00000000246b0000)]
  0x000000001c10c000 JavaThread "Execution worker for ':'" [_thread_blocked, id=20840, stack(0x00000000242b0000,0x00000000243b0000)]
  0x000000001c10d800 JavaThread "Cache worker for file content cache (D:\AndroidStudioProjects\health_declaration_form\android\.gradle\5.6.2\fileContent)" [_thread_blocked, id=29628, stack(0x0000000021ca0000,0x0000000021da0000)]
  0x000000001c10d000 JavaThread "Cache worker for Build Output Cleanup Cache (D:\AndroidStudioProjects\health_declaration_form\android\.gradle\buildOutputCleanup)" [_thread_blocked, id=27512, stack(0x00000000217a0000,0x00000000218a0000)]
  0x000000001c110800 JavaThread "Build operations Thread 4" [_thread_blocked, id=11380, stack(0x00000000216a0000,0x00000000217a0000)]
  0x000000001c104800 JavaThread "Build operations Thread 3" [_thread_blocked, id=29452, stack(0x00000000215a0000,0x00000000216a0000)]
  0x000000001c10b800 JavaThread "Build operations Thread 2" [_thread_blocked, id=18220, stack(0x0000000020450000,0x0000000020550000)]
  0x000000001c104000 JavaThread "Build operations" [_thread_blocked, id=25624, stack(0x000000001fb70000,0x000000001fc70000)]
  0x000000001c10a000 JavaThread "Cache worker for cache directory md-rule (C:\Users\wolfpack\.gradle\caches\5.6.2\md-rule)" [_thread_blocked, id=7200, stack(0x000000001fa70000,0x000000001fb70000)]
  0x000000001c10a800 JavaThread "Cache worker for cache directory md-supplier (C:\Users\wolfpack\.gradle\caches\5.6.2\md-supplier)" [_thread_blocked, id=29176, stack(0x000000001f4b0000,0x000000001f5b0000)]
  0x000000001c107800 JavaThread "Cache worker for file hash cache (D:\AndroidStudioProjects\health_declaration_form\android\.gradle\5.6.2\fileHashes)" [_thread_blocked, id=29264, stack(0x000000001b780000,0x000000001b880000)]
  0x000000001c107000 JavaThread "Thread-94" [_thread_blocked, id=21752, stack(0x000000001b480000,0x000000001b580000)]
  0x000000001c103000 JavaThread "Stdin handler" [_thread_blocked, id=22000, stack(0x000000001b380000,0x000000001b480000)]
  0x000000001c108800 JavaThread "Asynchronous log dispatcher for DefaultDaemonConnection: socket connection from /127.0.0.1:36878 to /127.0.0.1:38385" [_thread_blocked, id=22880, stack(0x000000001b280000,0x000000001b380000)]
  0x000000001c102800 JavaThread "Daemon worker Thread 3" [_thread_blocked, id=18104, stack(0x000000001af80000,0x000000001b080000)]
  0x000000001c106000 JavaThread "Cancel handler" [_thread_blocked, id=10300, stack(0x000000001ab40000,0x000000001ac40000)]
  0x000000001c105800 JavaThread "Handler for socket connection from /127.0.0.1:36878 to /127.0.0.1:38385" [_thread_in_native, id=25204, stack(0x0000000000900000,0x0000000000a00000)]
  0x000000001c109000 JavaThread "Daemon Thread 3" [_thread_blocked, id=25572, stack(0x00000000007e0000,0x00000000008e0000)]
  0x000000001c23e800 JavaThread "Cache worker for file content cache (C:\Users\wolfpack\.gradle\caches\5.6.2\fileContent)" [_thread_blocked, id=26532, stack(0x0000000023ae0000,0x0000000023be0000)]
  0x000000001c240000 JavaThread "Memory manager" [_thread_blocked, id=12412, stack(0x00000000221a0000,0x00000000222a0000)]
  0x000000001c23d800 JavaThread "Cache worker for execution history cache (C:\Users\wolfpack\.gradle\caches\5.6.2\executionHistory)" [_thread_blocked, id=27364, stack(0x000000001fc70000,0x000000001fd70000)]
  0x000000001971d000 JavaThread "Cache worker for journal cache (C:\Users\wolfpack\.gradle\caches\journal-1)" [_thread_blocked, id=17412, stack(0x000000001bb80000,0x000000001bc80000)]
  0x000000001971c800 JavaThread "File lock request listener" [_thread_in_native, id=18980, stack(0x000000001b980000,0x000000001ba80000)]
  0x0000000019721800 JavaThread "Cache worker for file hash cache (C:\Users\wolfpack\.gradle\caches\5.6.2\fileHashes)" [_thread_blocked, id=21936, stack(0x000000001b880000,0x000000001b980000)]
  0x00000000196e7000 JavaThread "Daemon periodic checks" [_thread_blocked, id=29148, stack(0x000000001ae80000,0x000000001af80000)]
  0x00000000196f0800 JavaThread "Incoming local TCP Connector on port 36878" [_thread_in_native, id=24260, stack(0x000000001ac40000,0x000000001ad40000)]
  0x000000001960b800 JavaThread "Daemon health stats" [_thread_blocked, id=3936, stack(0x000000001a500000,0x000000001a600000)]
  0x0000000017680800 JavaThread "Service Thread" daemon [_thread_blocked, id=2176, stack(0x0000000017b60000,0x0000000017c60000)]
  0x0000000015e6a000 JavaThread "C1 CompilerThread2" daemon [_thread_blocked, id=21328, stack(0x0000000017a60000,0x0000000017b60000)]
=>0x0000000015e66800 JavaThread "C2 CompilerThread1" daemon [_thread_in_native, id=22236, stack(0x0000000017560000,0x0000000017660000)]
  0x0000000015e11000 JavaThread "C2 CompilerThread0" daemon [_thread_blocked, id=18636, stack(0x0000000017460000,0x0000000017560000)]
  0x0000000015e0e000 JavaThread "Attach Listener" daemon [_thread_blocked, id=17200, stack(0x0000000017360000,0x0000000017460000)]
  0x0000000015e0d000 JavaThread "Signal Dispatcher" daemon [_thread_blocked, id=27296, stack(0x0000000017260000,0x0000000017360000)]
  0x000000000249c800 JavaThread "Finalizer" daemon [_thread_blocked, id=12600, stack(0x0000000017060000,0x0000000017160000)]
  0x0000000002493800 JavaThread "Reference Handler" daemon [_thread_blocked, id=25760, stack(0x0000000016f60000,0x0000000017060000)]
  0x00000000023a3800 JavaThread "main" [_thread_blocked, id=7428, stack(0x0000000002220000,0x0000000002320000)]

Other Threads:
  0x0000000015dd5800 VMThread [stack: 0x0000000016e60000,0x0000000016f60000] [id=22140]
  0x0000000017681800 WatcherThread [stack: 0x0000000017c60000,0x0000000017d60000] [id=2796]

VM state:not at safepoint (normal execution)

VM Mutex/Monitor currently owned by a thread: None

heap address: 0x00000000a0000000, size: 1536 MB, Compressed Oops mode: 32-bit
Narrow klass base: 0x0000000000000000, Narrow klass shift: 3
Compressed class space size: 1073741824 Address: 0x0000000100000000

Heap:
 PSYoungGen      total 300544K, used 208890K [0x00000000e0000000, 0x00000000f5780000, 0x0000000100000000)
  eden space 271872K, 71% used [0x00000000e0000000,0x00000000ebf160f0,0x00000000f0980000)
  from space 28672K, 46% used [0x00000000f3b80000,0x00000000f4868ab8,0x00000000f5780000)
  to   space 39936K, 0% used [0x00000000f0980000,0x00000000f0980000,0x00000000f3080000)
 ParOldGen       total 188928K, used 98672K [0x00000000a0000000, 0x00000000ab880000, 0x00000000e0000000)
  object space 188928K, 52% used [0x00000000a0000000,0x00000000a605c168,0x00000000ab880000)
 Metaspace       used 76819K, capacity 81116K, committed 81320K, reserved 1120256K
  class space    used 10169K, capacity 11092K, committed 11184K, reserved 1048576K

Card table byte_map: [0x0000000011860000,0x0000000011b70000] byte_map_base: 0x0000000011360000

Marking Bits: (ParMarkBitMap*) 0x0000000055cd8f30
 Begin Bits: [0x0000000012170000, 0x0000000013970000)
 End Bits:   [0x0000000013970000, 0x0000000015170000)

Polling page: 0x00000000021f0000

CodeCache: size=245760Kb used=40123Kb max_used=40168Kb free=205636Kb
 bounds [0x00000000024a0000, 0x0000000004c30000, 0x00000000114a0000]
 total_blobs=13105 nmethods=12272 adapters=744
 compilation: enabled

Compilation events (10 events):
Event: 1686.924 Thread 0x0000000015e66800 nmethod 14567 0x0000000004c005d0 code [0x0000000004c010e0, 0x0000000004c0a778]
Event: 1688.868 Thread 0x0000000015e11000 14626   !   4       java.nio.charset.CharsetDecoder::decode (287 bytes)
Event: 1688.871 Thread 0x0000000015e11000 nmethod 14626 0x0000000004ba9cd0 code [0x0000000004ba9e20, 0x0000000004ba9fd8]
Event: 1696.844 Thread 0x0000000015e6a000 14627       3       java.nio.charset.CharsetDecoder::flush (49 bytes)
Event: 1696.844 Thread 0x0000000015e66800 14630   !   4       java.io.PrintStream::write (66 bytes)
Event: 1696.844 Thread 0x0000000015e6a000 nmethod 14627 0x0000000004ba1c50 code [0x0000000004ba1de0, 0x0000000004ba2208]
Event: 1696.844 Thread 0x0000000015e6a000 14628       3       java.nio.charset.CharsetDecoder::implFlush (4 bytes)
Event: 1696.844 Thread 0x0000000015e6a000 nmethod 14628 0x0000000004ba99d0 code [0x0000000004ba9b20, 0x0000000004ba9c70]
Event: 1696.844 Thread 0x0000000015e6a000 14629   !   3       java.nio.HeapCharBuffer::toString (30 bytes)
Event: 1696.845 Thread 0x0000000015e6a000 nmethod 14629 0x0000000004ba16d0 code [0x0000000004ba1840, 0x0000000004ba1af8]

GC Heap History (10 events):
Event: 49.219 GC heap before
{Heap before GC invocations=19 (full 4):
 PSYoungGen      total 266240K, used 2489K [0x00000000e0000000, 0x00000000f1e80000, 0x0000000100000000)
  eden space 240128K, 1% used [0x00000000e0000000,0x00000000e026e4e0,0x00000000eea80000)
  from space 26112K, 0% used [0x00000000f0500000,0x00000000f0500000,0x00000000f1e80000)
  to   space 26624K, 0% used [0x00000000eea80000,0x00000000eea80000,0x00000000f0480000)
 ParOldGen       total 188928K, used 61550K [0x00000000a0000000, 0x00000000ab880000, 0x00000000e0000000)
  object space 188928K, 32% used [0x00000000a0000000,0x00000000a3c1b8d8,0x00000000ab880000)
 Metaspace       used 65182K, capacity 67946K, committed 68392K, reserved 1107968K
  class space    used 8931K, capacity 9627K, committed 9776K, reserved 1048576K
Event: 49.222 GC heap after
Heap after GC invocations=19 (full 4):
 PSYoungGen      total 266752K, used 96K [0x00000000e0000000, 0x00000000f1f80000, 0x0000000100000000)
  eden space 240128K, 0% used [0x00000000e0000000,0x00000000e0000000,0x00000000eea80000)
  from space 26624K, 0% used [0x00000000eea80000,0x00000000eea98000,0x00000000f0480000)
  to   space 27136K, 0% used [0x00000000f0500000,0x00000000f0500000,0x00000000f1f80000)
 ParOldGen       total 188928K, used 61550K [0x00000000a0000000, 0x00000000ab880000, 0x00000000e0000000)
  object space 188928K, 32% used [0x00000000a0000000,0x00000000a3c1b8d8,0x00000000ab880000)
 Metaspace       used 65182K, capacity 67946K, committed 68392K, reserved 1107968K
  class space    used 8931K, capacity 9627K, committed 9776K, reserved 1048576K
}
Event: 49.222 GC heap before
{Heap before GC invocations=20 (full 5):
 PSYoungGen      total 266752K, used 96K [0x00000000e0000000, 0x00000000f1f80000, 0x0000000100000000)
  eden space 240128K, 0% used [0x00000000e0000000,0x00000000e0000000,0x00000000eea80000)
  from space 26624K, 0% used [0x00000000eea80000,0x00000000eea98000,0x00000000f0480000)
  to   space 27136K, 0% used [0x00000000f0500000,0x00000000f0500000,0x00000000f1f80000)
 ParOldGen       total 188928K, used 61550K [0x00000000a0000000, 0x00000000ab880000, 0x00000000e0000000)
  object space 188928K, 32% used [0x00000000a0000000,0x00000000a3c1b8d8,0x00000000ab880000)
 Metaspace       used 65182K, capacity 67946K, committed 68392K, reserved 1107968K
  class space    used 8931K, capacity 9627K, committed 9776K, reserved 1048576K
Event: 49.491 GC heap after
Heap after GC invocations=20 (full 5):
 PSYoungGen      total 266752K, used 0K [0x00000000e0000000, 0x00000000f1f80000, 0x0000000100000000)
  eden space 240128K, 0% used [0x00000000e0000000,0x00000000e0000000,0x00000000eea80000)
  from space 26624K, 0% used [0x00000000eea80000,0x00000000eea80000,0x00000000f0480000)
  to   space 27136K, 0% used [0x00000000f0500000,0x00000000f0500000,0x00000000f1f80000)
 ParOldGen       total 188928K, used 60946K [0x00000000a0000000, 0x00000000ab880000, 0x00000000e0000000)
  object space 188928K, 32% used [0x00000000a0000000,0x00000000a3b84850,0x00000000ab880000)
 Metaspace       used 65182K, capacity 67946K, committed 68392K, reserved 1107968K
  class space    used 8931K, capacity 9627K, committed 9776K, reserved 1048576K
}
Event: 53.552 GC heap before
{Heap before GC invocations=21 (full 5):
 PSYoungGen      total 266752K, used 238288K [0x00000000e0000000, 0x00000000f1f80000, 0x0000000100000000)
  eden space 240128K, 99% used [0x00000000e0000000,0x00000000ee8b41c0,0x00000000eea80000)
  from space 26624K, 0% used [0x00000000eea80000,0x00000000eea80000,0x00000000f0480000)
  to   space 27136K, 0% used [0x00000000f0500000,0x00000000f0500000,0x00000000f1f80000)
 ParOldGen       total 188928K, used 60946K [0x00000000a0000000, 0x00000000ab880000, 0x00000000e0000000)
  object space 188928K, 32% used [0x00000000a0000000,0x00000000a3b84850,0x00000000ab880000)
 Metaspace       used 70704K, capacity 73848K, committed 74024K, reserved 1112064K
  class space    used 9669K, capacity 10438K, committed 10544K, reserved 1048576K
Event: 53.581 GC heap after
Heap after GC invocations=21 (full 5):
 PSYoungGen      total 252416K, used 27126K [0x00000000e0000000, 0x00000000f8080000, 0x0000000100000000)
  eden space 225280K, 0% used [0x00000000e0000000,0x00000000e0000000,0x00000000edc00000)
  from space 27136K, 99% used [0x00000000f0500000,0x00000000f1f7dba8,0x00000000f1f80000)
  to   space 41984K, 0% used [0x00000000edc00000,0x00000000edc00000,0x00000000f0500000)
 ParOldGen       total 188928K, used 89385K [0x00000000a0000000, 0x00000000ab880000, 0x00000000e0000000)
  object space 188928K, 47% used [0x00000000a0000000,0x00000000a574a528,0x00000000ab880000)
 Metaspace       used 70704K, capacity 73848K, committed 74024K, reserved 1112064K
  class space    used 9669K, capacity 10438K, committed 10544K, reserved 1048576K
}
Event: 1476.887 GC heap before
{Heap before GC invocations=22 (full 5):
 PSYoungGen      total 252416K, used 252406K [0x00000000e0000000, 0x00000000f8080000, 0x0000000100000000)
  eden space 225280K, 100% used [0x00000000e0000000,0x00000000edc00000,0x00000000edc00000)
  from space 27136K, 99% used [0x00000000f0500000,0x00000000f1f7dba8,0x00000000f1f80000)
  to   space 41984K, 0% used [0x00000000edc00000,0x00000000edc00000,0x00000000f0500000)
 ParOldGen       total 188928K, used 89385K [0x00000000a0000000, 0x00000000ab880000, 0x00000000e0000000)
  object space 188928K, 47% used [0x00000000a0000000,0x00000000a574a528,0x00000000ab880000)
 Metaspace       used 75285K, capacity 78888K, committed 79016K, reserved 1118208K
  class space    used 10015K, capacity 10814K, committed 10928K, reserved 1048576K
Event: 1476.930 GC heap after
Heap after GC invocations=22 (full 5):
 PSYoungGen      total 267264K, used 22463K [0x00000000e0000000, 0x00000000f6500000, 0x0000000100000000)
  eden space 225280K, 0% used [0x00000000e0000000,0x00000000e0000000,0x00000000edc00000)
  from space 41984K, 53% used [0x00000000edc00000,0x00000000ef1efeb8,0x00000000f0500000)
  to   space 42496K, 0% used [0x00000000f3b80000,0x00000000f3b80000,0x00000000f6500000)
 ParOldGen       total 188928K, used 98664K [0x00000000a0000000, 0x00000000ab880000, 0x00000000e0000000)
  object space 188928K, 52% used [0x00000000a0000000,0x00000000a605a168,0x00000000ab880000)
 Metaspace       used 75285K, capacity 78888K, committed 79016K, reserved 1118208K
  class space    used 10015K, capacity 10814K, committed 10928K, reserved 1048576K
}
Event: 1591.805 GC heap before
{Heap before GC invocations=23 (full 5):
 PSYoungGen      total 267264K, used 247743K [0x00000000e0000000, 0x00000000f6500000, 0x0000000100000000)
  eden space 225280K, 100% used [0x00000000e0000000,0x00000000edc00000,0x00000000edc00000)
  from space 41984K, 53% used [0x00000000edc00000,0x00000000ef1efeb8,0x00000000f0500000)
  to   space 42496K, 0% used [0x00000000f3b80000,0x00000000f3b80000,0x00000000f6500000)
 ParOldGen       total 188928K, used 98664K [0x00000000a0000000, 0x00000000ab880000, 0x00000000e0000000)
  object space 188928K, 52% used [0x00000000a0000000,0x00000000a605a168,0x00000000ab880000)
 Metaspace       used 76454K, capacity 80618K, committed 80680K, reserved 1118208K
  class space    used 10140K, capacity 11041K, committed 11056K, reserved 1048576K
Event: 1591.833 GC heap after
Heap after GC invocations=23 (full 5):
 PSYoungGen      total 300544K, used 13218K [0x00000000e0000000, 0x00000000f5780000, 0x0000000100000000)
  eden space 271872K, 0% used [0x00000000e0000000,0x00000000e0000000,0x00000000f0980000)
  from space 28672K, 46% used [0x00000000f3b80000,0x00000000f4868ab8,0x00000000f5780000)
  to   space 39936K, 0% used [0x00000000f0980000,0x00000000f0980000,0x00000000f3080000)
 ParOldGen       total 188928K, used 98672K [0x00000000a0000000, 0x00000000ab880000, 0x00000000e0000000)
  object space 188928K, 52% used [0x00000000a0000000,0x00000000a605c168,0x00000000ab880000)
 Metaspace       used 76454K, capacity 80618K, committed 80680K, reserved 1118208K
  class space    used 10140K, capacity 11041K, committed 11056K, reserved 1048576K
}

Deoptimization events (10 events):
Event: 1591.791 Thread 0x000000001c239000 Uncommon trap: reason=class_check action=maybe_recompile pc=0x0000000002690304 method=java.util.stream.Sink$ChainedReference.<init>(Ljava/util/stream/Sink;)V @ 9
Event: 1591.873 Thread 0x000000001c239000 Uncommon trap: reason=class_check action=maybe_recompile pc=0x0000000002690304 method=java.util.stream.Sink$ChainedReference.<init>(Ljava/util/stream/Sink;)V @ 9
Event: 1591.920 Thread 0x000000001c239000 Uncommon trap: reason=class_check action=maybe_recompile pc=0x0000000002690304 method=java.util.stream.Sink$ChainedReference.<init>(Ljava/util/stream/Sink;)V @ 9
Event: 1591.983 Thread 0x000000001c239000 Uncommon trap: reason=class_check action=maybe_recompile pc=0x0000000002690304 method=java.util.stream.Sink$ChainedReference.<init>(Ljava/util/stream/Sink;)V @ 9
Event: 1592.444 Thread 0x000000001c107800 Uncommon trap: reason=unstable_if action=reinterpret pc=0x000000000416b068 method=java.util.concurrent.ConcurrentLinkedQueue.offer(Ljava/lang/Object;)Z @ 40
Event: 1592.524 Thread 0x000000001c105800 Uncommon trap: reason=unstable_if action=reinterpret pc=0x0000000003738fd8 method=java.util.concurrent.ConcurrentLinkedQueue.offer(Ljava/lang/Object;)Z @ 40
Event: 1592.741 Thread 0x000000001c239000 Uncommon trap: reason=unstable_if action=reinterpret pc=0x000000000321df80 method=com.google.common.collect.MapMakerInternalMap$Segment.getEntry(Ljava/lang/Object;I)Lcom/google/common/collect/MapMakerInternalMap$InternalEntry; @ 40
Event: 1592.794 Thread 0x000000001c239000 Uncommon trap: reason=unstable_if action=reinterpret pc=0x0000000003e16fe8 method=com.google.common.collect.MapMakerInternalMap$Segment.getEntry(Ljava/lang/Object;I)Lcom/google/common/collect/MapMakerInternalMap$InternalEntry; @ 40
Event: 1683.202 Thread 0x000000001c102800 Uncommon trap: reason=class_check action=maybe_recompile pc=0x00000000041498e4 method=java.security.MessageDigest$Delegate.clone()Ljava/lang/Object; @ 4
Event: 1684.068 Thread 0x000000001c102800 Uncommon trap: reason=predicate action=maybe_recompile pc=0x0000000002835d48 method=org.gradle.api.internal.artifacts.ivyservice.ivyresolve.strategy.StaticVersionComparator.compare(Lorg/gradle/api/internal/artifacts/ivyservice/ivyresolve/strategy/Version;

Classes redefined (0 events):
No events

Internal exceptions (10 events):
Event: 1557.719 Thread 0x000000001c10d000 Exception <a 'java/lang/reflect/InvocationTargetException'> (0x00000000e9a68060) thrown at [D:\j\worksp~1\openjd~3\jdk8u\hotspot\src\share\vm\runtime\reflection.cpp, line 1092]
Event: 1557.726 Thread 0x000000001c239000 Exception <a 'sun/nio/fs/WindowsException'> (0x00000000e903c8a8) thrown at [D:\j\worksp~1\openjd~3\jdk8u\hotspot\src\share\vm\prims\jni.cpp, line 710]
Event: 1557.727 Thread 0x000000001c239000 Exception <a 'sun/nio/fs/WindowsException'> (0x00000000e903e7e8) thrown at [D:\j\worksp~1\openjd~3\jdk8u\hotspot\src\share\vm\prims\jni.cpp, line 710]
Event: 1557.728 Thread 0x000000001c239000 Exception <a 'sun/nio/fs/WindowsException'> (0x00000000e9040268) thrown at [D:\j\worksp~1\openjd~3\jdk8u\hotspot\src\share\vm\prims\jni.cpp, line 710]
Event: 1557.728 Thread 0x000000001c239000 Exception <a 'sun/nio/fs/WindowsException'> (0x00000000e9041ce0) thrown at [D:\j\worksp~1\openjd~3\jdk8u\hotspot\src\share\vm\prims\jni.cpp, line 710]
Event: 1614.090 Thread 0x000000001c239000 Exception <a 'java/lang/reflect/InvocationTargetException'> (0x00000000e3bd7600) thrown at [D:\j\worksp~1\openjd~3\jdk8u\hotspot\src\share\vm\runtime\reflection.cpp, line 1092]
Event: 1614.097 Thread 0x000000001c239000 Exception <a 'sun/nio/fs/WindowsException'> (0x00000000e3c004f0) thrown at [D:\j\worksp~1\openjd~3\jdk8u\hotspot\src\share\vm\prims\jni.cpp, line 710]
Event: 1614.098 Thread 0x000000001c239000 Exception <a 'sun/nio/fs/WindowsException'> (0x00000000e3c02430) thrown at [D:\j\worksp~1\openjd~3\jdk8u\hotspot\src\share\vm\prims\jni.cpp, line 710]
Event: 1614.099 Thread 0x000000001c239000 Exception <a 'sun/nio/fs/WindowsException'> (0x00000000e3c03eb0) thrown at [D:\j\worksp~1\openjd~3\jdk8u\hotspot\src\share\vm\prims\jni.cpp, line 710]
Event: 1614.099 Thread 0x000000001c239000 Exception <a 'sun/nio/fs/WindowsException'> (0x00000000e3c05928) thrown at [D:\j\worksp~1\openjd~3\jdk8u\hotspot\src\share\vm\prims\jni.cpp, line 710]

Events (10 events):
Event: 1684.774 Executing VM operation: RevokeBias
Event: 1684.774 Executing VM operation: RevokeBias done
Event: 1685.252 Thread 0x000000001c102800 DEOPT PACKING pc=0x00000000039d49a2 sp=0x000000001b07b200
Event: 1685.252 Thread 0x000000001c102800 DEOPT UNPACKING pc=0x00000000024e75d0 sp=0x000000001b07afc8 mode 0
Event: 1685.267 Thread 0x000000001c10f000 Thread added: 0x000000001c10f000
Event: 1685.289 Executing VM operation: RevokeBias
Event: 1685.290 Executing VM operation: RevokeBias done
Event: 1685.329 Thread 0x000000001c23f000 Thread added: 0x000000001c23f000
Event: 1685.338 Thread 0x000000001c23a000 Thread added: 0x000000001c23a000
Event: 1685.338 Thread 0x000000001c239000 Thread added: 0x000000001c239000


Dynamic libraries:
0x00007ff614d70000 - 0x00007ff614da5000 	D:\Android\jdk\microsoft_dist_openjdk_1.8.0.25\bin\java.exe
0x00007ffa09f00000 - 0x00007ffa0a0f0000 	C:\WINDOWS\SYSTEM32\ntdll.dll
0x00007ffa093f0000 - 0x00007ffa094a2000 	C:\WINDOWS\System32\KERNEL32.DLL
0x00007ffa06f90000 - 0x00007ffa07234000 	C:\WINDOWS\System32\KERNELBASE.dll
0x00007ffa09bf0000 - 0x00007ffa09c93000 	C:\WINDOWS\System32\ADVAPI32.dll
0x00007ffa09d00000 - 0x00007ffa09d9e000 	C:\WINDOWS\System32\msvcrt.dll
0x00007ffa09b50000 - 0x00007ffa09be7000 	C:\WINDOWS\System32\sechost.dll
0x00007ffa09da0000 - 0x00007ffa09ec0000 	C:\WINDOWS\System32\RPCRT4.dll
0x00007ffa08220000 - 0x00007ffa083b4000 	C:\WINDOWS\System32\USER32.dll
0x00007ffa07f00000 - 0x00007ffa07f21000 	C:\WINDOWS\System32\win32u.dll
0x00007ffa084d0000 - 0x00007ffa084f6000 	C:\WINDOWS\System32\GDI32.dll
0x00007ffa07c80000 - 0x00007ffa07e14000 	C:\WINDOWS\System32\gdi32full.dll
0x00007ffa07240000 - 0x00007ffa072de000 	C:\WINDOWS\System32\msvcp_win.dll
0x00007ffa06e90000 - 0x00007ffa06f8a000 	C:\WINDOWS\System32\ucrtbase.dll
0x00007ff9f3510000 - 0x00007ff9f3794000 	C:\WINDOWS\WinSxS\amd64_microsoft.windows.common-controls_6595b64144ccf1df_6.0.18362.836_none_e6c4b943130f18ed\COMCTL32.dll
0x00007ffa090a0000 - 0x00007ffa093d6000 	C:\WINDOWS\System32\combase.dll
0x00007ffa07f30000 - 0x00007ffa07fb0000 	C:\WINDOWS\System32\bcryptPrimitives.dll
0x00007ffa083c0000 - 0x00007ffa083ee000 	C:\WINDOWS\System32\IMM32.DLL
0x0000000055d60000 - 0x0000000055e31000 	D:\Android\jdk\microsoft_dist_openjdk_1.8.0.25\jre\bin\msvcr100.dll
0x0000000055510000 - 0x0000000055d55000 	D:\Android\jdk\microsoft_dist_openjdk_1.8.0.25\jre\bin\server\jvm.dll
0x00007ffa07fb0000 - 0x00007ffa07fb8000 	C:\WINDOWS\System32\PSAPI.DLL
0x00007ff9f7fd0000 - 0x00007ff9f7fd9000 	C:\WINDOWS\SYSTEM32\WSOCK32.dll
0x00007ffa083f0000 - 0x00007ffa0845f000 	C:\WINDOWS\System32\WS2_32.dll
0x00007ffa01270000 - 0x00007ffa01294000 	C:\WINDOWS\SYSTEM32\WINMM.dll
0x00007ffa01120000 - 0x00007ffa0112a000 	C:\WINDOWS\SYSTEM32\VERSION.dll
0x00007ffa01240000 - 0x00007ffa0126d000 	C:\WINDOWS\SYSTEM32\WINMMBASE.dll
0x00007ffa07eb0000 - 0x00007ffa07efa000 	C:\WINDOWS\System32\cfgmgr32.dll
0x00007ff9fd9d0000 - 0x00007ff9fd9df000 	D:\Android\jdk\microsoft_dist_openjdk_1.8.0.25\jre\bin\verify.dll
0x00007ff9e2910000 - 0x00007ff9e2939000 	D:\Android\jdk\microsoft_dist_openjdk_1.8.0.25\jre\bin\java.dll
0x00007ff9e3710000 - 0x00007ff9e3726000 	D:\Android\jdk\microsoft_dist_openjdk_1.8.0.25\jre\bin\zip.dll
0x00007ffa08720000 - 0x00007ffa08e04000 	C:\WINDOWS\System32\SHELL32.dll
0x00007ffa08170000 - 0x00007ffa08219000 	C:\WINDOWS\System32\shcore.dll
0x00007ffa073b0000 - 0x00007ffa07b2e000 	C:\WINDOWS\System32\windows.storage.dll
0x00007ffa06df0000 - 0x00007ffa06e13000 	C:\WINDOWS\System32\profapi.dll
0x00007ffa06e40000 - 0x00007ffa06e8a000 	C:\WINDOWS\System32\powrprof.dll
0x00007ffa06dc0000 - 0x00007ffa06dd0000 	C:\WINDOWS\System32\UMPDC.dll
0x00007ffa09ca0000 - 0x00007ffa09cf2000 	C:\WINDOWS\System32\shlwapi.dll
0x00007ffa06dd0000 - 0x00007ffa06de1000 	C:\WINDOWS\System32\kernel.appcore.dll
0x00007ffa072e0000 - 0x00007ffa072f7000 	C:\WINDOWS\System32\cryptsp.dll
0x00007ff9e17f0000 - 0x00007ff9e180a000 	D:\Android\jdk\microsoft_dist_openjdk_1.8.0.25\jre\bin\net.dll
0x00007ffa06630000 - 0x00007ffa06697000 	C:\WINDOWS\system32\mswsock.dll
0x00007ff9e1110000 - 0x00007ff9e1121000 	D:\Android\jdk\microsoft_dist_openjdk_1.8.0.25\jre\bin\nio.dll
0x00007ff9dfc90000 - 0x00007ff9dfcb6000 	C:\Users\wolfpack\.gradle\native\30\windows-amd64\native-platform.dll
0x00007ff9f75e0000 - 0x00007ff9f75ed000 	D:\Android\jdk\microsoft_dist_openjdk_1.8.0.25\jre\bin\management.dll
0x00007ffa061a0000 - 0x00007ffa061d3000 	C:\WINDOWS\system32\rsaenh.dll
0x00007ffa07e20000 - 0x00007ffa07e46000 	C:\WINDOWS\System32\bcrypt.dll
0x00007ffa06ce0000 - 0x00007ffa06d05000 	C:\WINDOWS\SYSTEM32\USERENV.dll
0x00007ffa06800000 - 0x00007ffa0680c000 	C:\WINDOWS\SYSTEM32\CRYPTBASE.dll
0x00007ffa06340000 - 0x00007ffa0637a000 	C:\WINDOWS\SYSTEM32\IPHLPAPI.DLL
0x00007ffa08580000 - 0x00007ffa08588000 	C:\WINDOWS\System32\NSI.dll
0x00007ff9fe3e0000 - 0x00007ff9fe3f6000 	C:\WINDOWS\SYSTEM32\dhcpcsvc6.DLL
0x00007ff9fedf0000 - 0x00007ff9fee0c000 	C:\WINDOWS\SYSTEM32\dhcpcsvc.DLL
0x00007ffa06380000 - 0x00007ffa0644b000 	C:\WINDOWS\SYSTEM32\DNSAPI.dll

VM Arguments:
jvm_args: -Xmx1536M -Dfile.encoding=windows-1252 -Duser.country=US -Duser.language=en -Duser.variant 
java_command: org.gradle.launcher.daemon.bootstrap.GradleDaemon 5.6.2
java_class_path (initial): C:\Users\wolfpack\.gradle\wrapper\dists\gradle-5.6.2-all\9st6wgf78h16so49nn74lgtbb\gradle-5.6.2\lib\gradle-launcher-5.6.2.jar
Launcher Type: SUN_STANDARD

Environment Variables:
JAVA_HOME=D:\Android\jdk\microsoft_dist_openjdk_1.8.0.25
CLASSPATH=D:\AndroidStudioProjects\health_declaration_form\android\\gradle\wrapper\gradle-wrapper.jar
PATH=C:\Windows\system32;C:\Windows;C:\Windows\System32\Wbem;C:\Windows\System32\WindowsPowerShell\v1.0\;C:\WINDOWS\system32;C:\WINDOWS;C:\WINDOWS\System32\Wbem;C:\WINDOWS\System32\WindowsPowerShell\v1.0\;C:\Program Files (x86)\Airtame;C:\WINDOWS\System32\OpenSSH\;C:\Program Files (x86)\Microsoft SQL Server\100\Tools\Binn\;C:\Program Files\Microsoft SQL Server\100\Tools\Binn\;C:\Program Files\Microsoft SQL Server\100\DTS\Binn\;C:\Program Files (x86)\Microsoft SQL Server\100\Tools\Binn\VSShell\Common7\IDE\;C:\Program Files (x86)\Microsoft SQL Server\100\DTS\Binn\;C:\Program Files\dotnet\;C:\Program Files\Microsoft SQL Server\130\Tools\Binn\;C:\Program Files\nodejs\;C:\Program Files (x86)\NVIDIA Corporation\PhysX\Common;C:\Program Files\NVIDIA Corporation\NVIDIA NvDLISR;C:\Program Files\Intel\WiFi\bin\;C:\Program Files\Common Files\Intel\WirelessCommon\;C:\Python3.8;C:\Python3.8\Scripts;C:\Program Files (x86)\Intel\Intel(R) Management Engine Components\DAL;C:\Program Files\Intel\Intel(R) Management Engine Components\DAL;C:\Program Files\Git\cmd;C:\Users\wolfpack\AppData\Local\Microsoft\WindowsApps;C:\Users\wolfpack\AppData\Local\Programs\Microsoft VS Code\bin;C:\Users\wolfpack\AppData\Roaming\npm;C:\Users\wolfpack\.dotnet\tools;C:\Users\wolfpack\AppData\Local\Microsoft\WindowsApps;D:\src\Flutter\flutter\bin\mingit\cmd
USERNAME=Json
OS=Windows_NT
PROCESSOR_IDENTIFIER=Intel64 Family 6 Model 142 Stepping 9, GenuineIntel



---------------  S Y S T E M  ---------------

OS: Windows 10.0 , 64 bit Build 18362 (10.0.18362.778)

CPU:total 4 (initial active 4) (2 cores per cpu, 2 threads per core) family 6 model 142 stepping 9, cmov, cx8, fxsr, mmx, sse, sse2, sse3, ssse3, sse4.1, sse4.2, popcnt, avx, avx2, aes, clmul, erms, 3dnowpref, lzcnt, ht, tsc, tscinvbit, bmi1, bmi2, adx

Memory: 4k page, physical 12478944k(1113492k free), swap 25054324k(494316k free)

vm_info: OpenJDK 64-Bit Server VM (25.71-b00) for windows-amd64 JRE (1.8.0-25-microsoft-b00), built on Feb  7 2019 20:09:14 by "builder" with MS VC++ 10.0 (VS2010)

time: Mon Jun 15 02:27:42 2020
timezone: Malay Peninsula Standard Time
elapsed time: 1696 seconds (0d 0h 28m 16s)

